2026-04-15 09:59:49,621 - INFO - SOC Alert Detection & Automation System starting...
2026-04-15 09:59:49,625 - INFO - Found log file: logs\windows_logs.json
2026-04-15 09:59:49,662 - INFO - Found log file: logs\linux_auth.log
2026-04-15 09:59:49,663 - INFO - Found log file: logs\dns_logs.log
2026-04-15 09:59:49,664 - INFO - Found log file: logs\http_logs.log
2026-04-15 09:59:49,664 - INFO - Starting detection analysis...
2026-04-15 09:59:49,665 - INFO - Running brute force detection...
2026-04-15 09:59:49,684 - INFO - Running DNS anomaly detection...
2026-04-15 09:59:49,700 - INFO - Running privilege escalation detection...
2026-04-15 09:59:49,701 - INFO - Running multiple IP login detection...
2026-04-15 10:00:02,843 - INFO - SOC Alert Detection & Automation System starting...
2026-04-15 10:00:02,844 - INFO - Found log file: logs\windows_logs.json
2026-04-15 10:00:02,845 - INFO - Found log file: logs\linux_auth.log
2026-04-15 10:00:02,845 - INFO - Found log file: logs\dns_logs.log
2026-04-15 10:00:02,846 - INFO - Found log file: logs\http_logs.log
2026-04-15 10:00:02,846 - INFO - Starting detection analysis...
2026-04-15 10:00:02,847 - INFO - Running brute force detection...
2026-04-15 10:00:02,848 - INFO - Running DNS anomaly detection...
2026-04-15 10:00:02,850 - INFO - Running privilege escalation detection...
2026-04-15 10:00:02,854 - INFO - Running multiple IP login detection...
2026-04-15 10:00:08,538 - INFO - SOC Alert Detection & Automation System starting...
2026-04-15 10:00:08,539 - INFO - Found log file: logs\windows_logs.json
2026-04-15 10:00:08,540 - INFO - Found log file: logs\linux_auth.log
2026-04-15 10:00:08,540 - INFO - Found log file: logs\dns_logs.log
2026-04-15 10:00:08,541 - INFO - Found log file: logs\http_logs.log
2026-04-15 10:00:08,541 - INFO - Starting detection analysis...
2026-04-15 10:00:08,541 - INFO - Running brute force detection...
2026-04-15 10:00:08,542 - INFO - Running DNS anomaly detection...
2026-04-15 10:00:08,544 - INFO - Running privilege escalation detection...
2026-04-15 10:00:08,545 - INFO - Running multiple IP login detection...
2026-04-15 10:00:16,064 - INFO - SOC Alert Detection & Automation System starting...
2026-04-15 10:00:16,065 - INFO - Found log file: logs\windows_logs.json
2026-04-15 10:00:16,065 - INFO - Found log file: logs\linux_auth.log
2026-04-15 10:00:16,069 - INFO - Found log file: logs\dns_logs.log
2026-04-15 10:00:16,069 - INFO - Found log file: logs\http_logs.log
2026-04-15 10:00:16,070 - INFO - Starting detection analysis...
2026-04-15 10:00:16,071 - INFO - Running brute force detection...
2026-04-15 10:00:16,072 - INFO - Running DNS anomaly detection...
2026-04-15 10:00:16,076 - INFO - Running privilege escalation detection...
2026-04-15 10:00:16,077 - INFO - Running multiple IP login detection...
2026-04-15 10:00:16,091 - INFO - Detection analysis complete. Found 2 alerts.
2026-04-15 10:00:16,098 - INFO - Results saved to alerts_output.json
2026-04-15 10:00:16,100 - INFO - Alert engine execution complete.
